0 verbose cli C:\Program Files\nodejs\node.exe C:\Users\Anton\AppData\Roaming\npm\node_modules\npm\bin\npm-cli.js
1 info using npm@8.17.0
2 info using node@v16.17.0
3 timing npm:load:whichnode Completed in 0ms
4 timing config:load:defaults Completed in 4ms
5 timing config:load:file:C:\Users\Anton\AppData\Roaming\npm\node_modules\npm\npmrc Completed in 30ms
6 timing config:load:builtin Completed in 31ms
7 timing config:load:cli Completed in 4ms
8 timing config:load:env Completed in 2ms
9 timing config:load:file:c:\Users\Anton\Desktop\ballon\Ballon-project\.npmrc Completed in 0ms
10 timing config:load:project Completed in 5ms
11 verbose config error loading user config [Error: EISDIR: illegal operation on a directory, read] {
11 verbose config   errno: -4068,
11 verbose config   code: 'EISDIR',
11 verbose config   syscall: 'read'
11 verbose config }
12 timing config:load:file:C:\Users\Anton\.npmrc Completed in 8ms
13 timing config:load:user Completed in 8ms
14 timing config:load:file:C:\Users\Anton\AppData\Roaming\npm\etc\npmrc Completed in 2ms
15 timing config:load:global Completed in 2ms
16 timing config:load:validate Completed in 1ms
17 timing config:load:credentials Completed in 2ms
18 timing config:load:setEnvs Completed in 3ms
19 timing config:load Completed in 64ms
20 timing npm:load:configload Completed in 64ms
21 timing npm:load:mkdirpcache Completed in 2ms
22 timing npm:load:mkdirplogs Completed in 2ms
23 verbose title npm config get prefix
24 verbose argv "config" "get" "prefix"
25 timing npm:load:setTitle Completed in 11ms
26 timing config:load:flatten Completed in 9ms
27 timing npm:load:display Completed in 11ms
28 verbose logfile logs-max:10 dir:C:\Users\Anton\Desktop\ballon\Ballon-project\UsersAnton.npmrc\_logs
29 verbose logfile C:\Users\Anton\Desktop\ballon\Ballon-project\UsersAnton.npmrc\_logs\2022-09-14T17_52_41_401Z-debug-0.log
30 timing npm:load:logFile Completed in 16ms
31 timing npm:load:timers Completed in 0ms
32 timing npm:load:configScope Completed in 0ms
33 timing npm:load Completed in 112ms
34 timing command:config Completed in 6ms
35 verbose exit 0
36 timing npm Completed in 152ms
37 info ok
